
<<< final design >>>
1:
	orderNum	= 1
	comment		= Null order - check default behaviors.
	endOfOrder
2:
	orderNum	= 2
	comment		= Example order - one of everything.
	size		= 10000
	mold		= duck
	color		= red
	plastic		= ABS
	moldLoc		= inventory
	tags		= ModelNumber
	UVInhibiter	= 2
	packager	= Bulk
	endOfOrder
3:
	orderNum		= 3
	comment			= Max order - next of singles, all of everything else (orig secs).
	size			= 20000
	mold			= car
	color			= orange
	plastic			= Polypropylene
	moldLoc			= mill
	finish			= smooth
	tags			= ModelNumber Country Date
	UVInhibiter		= 2
	AntiBacterial	= 1
	Hydrophilic		= 2
	packager		= ShrinkWrap
	endOfOrder
4:
	orderNum	= 4
	comment		= Next of singles or last.
	size		= 50000
	mold		= hero
	color		= yellow
	plastic		= Polyethelene
	moldLoc		= mill
	finish		= rippled
	packager	= HardPack
	endOfOrder
5:
	orderNum	= 5
	comment		= Next of singles or last.
	size		= 50000
	mold		= hero
	color		= green
	plastic		= PET
	moldLoc		= mill
	finish		= dimpled
	packager	= HardPack
	endOfOrder


